* using log directory ‘/Users/songxiaoyu152/Dropbox/SpatialTranscriptomics/Paper_Simulator/Github/STsimulator.Rcheck’
* using R version 4.2.3 (2023-03-15)
* using platform: x86_64-apple-darwin17.0 (64-bit)
* using session charset: UTF-8
* using options ‘--no-manual --as-cran’
* checking for file ‘STsimulator/DESCRIPTION’ ... OK
* this is package ‘STsimulator’ version ‘1.0’
* package encoding: UTF-8
* checking package namespace information ... OK
* checking package dependencies ... OK
* checking if this is a source package ... OK
* checking if there is a namespace ... OK
* checking for executable files ... OK
* checking for hidden files and directories ... OK
* checking for portable file names ... OK
* checking for sufficient/correct file permissions ... OK
* checking serialization versions ... OK
* checking whether package ‘STsimulator’ can be installed ... [11s/11s] OK
* checking installed package size ... OK
* checking package directory ... OK
* checking for future file timestamps ... OK
* checking DESCRIPTION meta-information ... WARNING
Non-standard license specification:
  `use_mit_license()`, `use_gpl3_license()` or friends to pick a
  license
Standardizable: FALSE
Package listed in more than one of Depends, Imports, Suggests, Enhances:
  ‘doParallel’
A package should be listed in only one of these fields.
* checking top-level files ... OK
* checking for left-over files ... OK
* checking index information ... OK
* checking package subdirectories ... OK
* checking R files for non-ASCII characters ... OK
* checking R files for syntax errors ... OK
* checking whether the package can be loaded ... OK
* checking whether the package can be loaded with stated dependencies ... OK
* checking whether the package can be unloaded cleanly ... OK
* checking whether the namespace can be loaded with stated dependencies ... OK
* checking whether the namespace can be unloaded cleanly ... OK
* checking dependencies in R code ... WARNING
'::' or ':::' imports not declared from:
  ‘MASS’ ‘geometry’ ‘igraph’ ‘spatstat.geom’
Namespaces in Imports field not imported from:
  ‘data.table’ ‘doParallel’ ‘proxy’ ‘rlist’
  All declared Imports should be used.
* checking S3 generic/method consistency ... OK
* checking replacement functions ...